Watching for file changes with StatReloader
Performing system checks...

DEBUG:root:current directory : /Users/JABoo/workspace/hr/cursisten/cohort1/marc/MakeAIWork3-Marc/projects/healthapp/src/django/myfirstdjango
System check identified no issues (0 silenced).
January 18, 2023 - 11:57:54
Django version 4.1.5, using settings 'myfirstdjango.settings'
Starting development server at http://127.0.0.1:8080/
Quit the server with CONTROL-C.
Watching for file changes with StatReloader
Performing system checks...

DEBUG:root:current directory : /Users/JABoo/workspace/hr/cursisten/cohort1/marc/MakeAIWork3-Marc/projects/healthapp/src/django/myfirstdjango
System check identified no issues (0 silenced).
January 18, 2023 - 11:58:49
Django version 4.1.5, using settings 'myfirstdjango.settings'
Starting development server at http://127.0.0.1:8080/
Quit the server with CONTROL-C.

[18/Jan/2023 11:58:55] "GET /polls/happ/ HTTP/1.1" 200 1628
Watching for file changes with StatReloader
Performing system checks...

DEBUG:root:current directory : /Users/JABoo/workspace/hr/cursisten/cohort1/marc/MakeAIWork3-Marc/projects/healthapp/src/django/myfirstdjango
System check identified no issues (0 silenced).
January 18, 2023 - 11:59:03
Django version 4.1.5, using settings 'myfirstdjango.settings'
Starting development server at http://127.0.0.1:8080/
Quit the server with CONTROL-C.
Error: That port is already in use.

[18/Jan/2023 11:59:10] "GET /polls/happ/ HTTP/1.1" 200 1628
